ERROR - 2025-09-21 05:43:18 --> Error connecting to the database: mysqli_sql_exception: Access denied for user ''@'localhost' (using password: NO) in F:\xampp\htdocs\ExpenseTracker\system\Database\MySQLi\Connection.php:201
Stack trace:
#0 F:\xampp\htdocs\ExpenseTracker\system\Database\MySQLi\Connection.php(201): mysqli->real_connect('localhost', '', Object(SensitiveParameterValue), '', 3306, '', 0)
#1 F:\xampp\htdocs\ExpenseTracker\system\Database\BaseConnection.php(419): CodeIgniter\Database\MySQLi\Connection->connect(false)
#2 F:\xampp\htdocs\ExpenseTracker\system\Database\BaseConnection.php(614): CodeIgniter\Database\BaseConnection->initialize()
#3 F:\xampp\htdocs\ExpenseTracker\system\Database\BaseConnection.php(1525): CodeIgniter\Database\BaseConnection->query('SHOW TABLES FRO...')
#4 F:\xampp\htdocs\ExpenseTracker\system\Database\BaseConnection.php(1545): CodeIgniter\Database\BaseConnection->listTables()
#5 F:\xampp\htdocs\ExpenseTracker\system\Database\MigrationRunner.php(768): CodeIgniter\Database\BaseConnection->tableExists('migrations')
#6 F:\xampp\htdocs\ExpenseTracker\system\Database\MigrationRunner.php(162): CodeIgniter\Database\MigrationRunner->ensureTable()
#7 F:\xampp\htdocs\ExpenseTracker\system\Commands\Database\Migrate.php(85): CodeIgniter\Database\MigrationRunner->latest(NULL)
#8 F:\xampp\htdocs\ExpenseTracker\system\CLI\Commands.php(74): CodeIgniter\Commands\Database\Migrate->run(Array)
#9 F:\xampp\htdocs\ExpenseTracker\system\CLI\Console.php(47): CodeIgniter\CLI\Commands->run('migrate', Array)
#10 F:\xampp\htdocs\ExpenseTracker\system\Boot.php(388): CodeIgniter\CLI\Console->run()
#11 F:\xampp\htdocs\ExpenseTracker\system\Boot.php(133): CodeIgniter\Boot::runCommand(Object(CodeIgniter\CLI\Console))
#12 F:\xampp\htdocs\ExpenseTracker\spark(87): CodeIgniter\Boot::bootSpark(Object(Config\Paths))
#13 {main}

Next CodeIgniter\Database\Exceptions\DatabaseException: Access denied for user ''@'localhost' (using password: NO) in F:\xampp\htdocs\ExpenseTracker\system\Database\MySQLi\Connection.php:246
Stack trace:
#0 F:\xampp\htdocs\ExpenseTracker\system\Database\BaseConnection.php(419): CodeIgniter\Database\MySQLi\Connection->connect(false)
#1 F:\xampp\htdocs\ExpenseTracker\system\Database\BaseConnection.php(614): CodeIgniter\Database\BaseConnection->initialize()
#2 F:\xampp\htdocs\ExpenseTracker\system\Database\BaseConnection.php(1525): CodeIgniter\Database\BaseConnection->query('SHOW TABLES FRO...')
#3 F:\xampp\htdocs\ExpenseTracker\system\Database\BaseConnection.php(1545): CodeIgniter\Database\BaseConnection->listTables()
#4 F:\xampp\htdocs\ExpenseTracker\system\Database\MigrationRunner.php(768): CodeIgniter\Database\BaseConnection->tableExists('migrations')
#5 F:\xampp\htdocs\ExpenseTracker\system\Database\MigrationRunner.php(162): CodeIgniter\Database\MigrationRunner->ensureTable()
#6 F:\xampp\htdocs\ExpenseTracker\system\Commands\Database\Migrate.php(85): CodeIgniter\Database\MigrationRunner->latest(NULL)
#7 F:\xampp\htdocs\ExpenseTracker\system\CLI\Commands.php(74): CodeIgniter\Commands\Database\Migrate->run(Array)
#8 F:\xampp\htdocs\ExpenseTracker\system\CLI\Console.php(47): CodeIgniter\CLI\Commands->run('migrate', Array)
#9 F:\xampp\htdocs\ExpenseTracker\system\Boot.php(388): CodeIgniter\CLI\Console->run()
#10 F:\xampp\htdocs\ExpenseTracker\system\Boot.php(133): CodeIgniter\Boot::runCommand(Object(CodeIgniter\CLI\Console))
#11 F:\xampp\htdocs\ExpenseTracker\spark(87): CodeIgniter\Boot::bootSpark(Object(Config\Paths))
#12 {main}
ERROR - 2025-09-21 05:45:41 --> Error connecting to the database: mysqli_sql_exception: Access denied for user ''@'localhost' (using password: NO) in F:\xampp\htdocs\ExpenseTracker\system\Database\MySQLi\Connection.php:201
Stack trace:
#0 F:\xampp\htdocs\ExpenseTracker\system\Database\MySQLi\Connection.php(201): mysqli->real_connect('localhost', '', Object(SensitiveParameterValue), '', 3306, '', 0)
#1 F:\xampp\htdocs\ExpenseTracker\system\Database\BaseConnection.php(419): CodeIgniter\Database\MySQLi\Connection->connect(false)
#2 F:\xampp\htdocs\ExpenseTracker\system\Database\BaseConnection.php(614): CodeIgniter\Database\BaseConnection->initialize()
#3 F:\xampp\htdocs\ExpenseTracker\system\Database\BaseConnection.php(1525): CodeIgniter\Database\BaseConnection->query('SHOW TABLES FRO...')
#4 F:\xampp\htdocs\ExpenseTracker\system\Database\BaseConnection.php(1545): CodeIgniter\Database\BaseConnection->listTables()
#5 F:\xampp\htdocs\ExpenseTracker\system\Database\MigrationRunner.php(768): CodeIgniter\Database\BaseConnection->tableExists('migrations')
#6 F:\xampp\htdocs\ExpenseTracker\system\Database\MigrationRunner.php(162): CodeIgniter\Database\MigrationRunner->ensureTable()
#7 F:\xampp\htdocs\ExpenseTracker\system\Commands\Database\Migrate.php(85): CodeIgniter\Database\MigrationRunner->latest(NULL)
#8 F:\xampp\htdocs\ExpenseTracker\system\CLI\Commands.php(74): CodeIgniter\Commands\Database\Migrate->run(Array)
#9 F:\xampp\htdocs\ExpenseTracker\system\CLI\Console.php(47): CodeIgniter\CLI\Commands->run('migrate', Array)
#10 F:\xampp\htdocs\ExpenseTracker\system\Boot.php(388): CodeIgniter\CLI\Console->run()
#11 F:\xampp\htdocs\ExpenseTracker\system\Boot.php(133): CodeIgniter\Boot::runCommand(Object(CodeIgniter\CLI\Console))
#12 F:\xampp\htdocs\ExpenseTracker\spark(87): CodeIgniter\Boot::bootSpark(Object(Config\Paths))
#13 {main}

Next CodeIgniter\Database\Exceptions\DatabaseException: Access denied for user ''@'localhost' (using password: NO) in F:\xampp\htdocs\ExpenseTracker\system\Database\MySQLi\Connection.php:246
Stack trace:
#0 F:\xampp\htdocs\ExpenseTracker\system\Database\BaseConnection.php(419): CodeIgniter\Database\MySQLi\Connection->connect(false)
#1 F:\xampp\htdocs\ExpenseTracker\system\Database\BaseConnection.php(614): CodeIgniter\Database\BaseConnection->initialize()
#2 F:\xampp\htdocs\ExpenseTracker\system\Database\BaseConnection.php(1525): CodeIgniter\Database\BaseConnection->query('SHOW TABLES FRO...')
#3 F:\xampp\htdocs\ExpenseTracker\system\Database\BaseConnection.php(1545): CodeIgniter\Database\BaseConnection->listTables()
#4 F:\xampp\htdocs\ExpenseTracker\system\Database\MigrationRunner.php(768): CodeIgniter\Database\BaseConnection->tableExists('migrations')
#5 F:\xampp\htdocs\ExpenseTracker\system\Database\MigrationRunner.php(162): CodeIgniter\Database\MigrationRunner->ensureTable()
#6 F:\xampp\htdocs\ExpenseTracker\system\Commands\Database\Migrate.php(85): CodeIgniter\Database\MigrationRunner->latest(NULL)
#7 F:\xampp\htdocs\ExpenseTracker\system\CLI\Commands.php(74): CodeIgniter\Commands\Database\Migrate->run(Array)
#8 F:\xampp\htdocs\ExpenseTracker\system\CLI\Console.php(47): CodeIgniter\CLI\Commands->run('migrate', Array)
#9 F:\xampp\htdocs\ExpenseTracker\system\Boot.php(388): CodeIgniter\CLI\Console->run()
#10 F:\xampp\htdocs\ExpenseTracker\system\Boot.php(133): CodeIgniter\Boot::runCommand(Object(CodeIgniter\CLI\Console))
#11 F:\xampp\htdocs\ExpenseTracker\spark(87): CodeIgniter\Boot::bootSpark(Object(Config\Paths))
#12 {main}
CRITICAL - 2025-09-21 06:31:43 --> TypeError: Cannot access offset of type string on string
[Method: GET, Route: /]
in APPPATH\Controllers\Users.php on line 39.
 1 SYSTEMPATH\CodeIgniter.php(933): App\Controllers\Users->create()
 2 SYSTEMPATH\CodeIgniter.php(507): CodeIgniter\CodeIgniter->runController(Object(App\Controllers\Users))
 3 SYSTEMPATH\CodeIgniter.php(354): CodeIgniter\CodeIgniter->handleRequest(null, Object(Config\Cache), false)
 4 SYSTEMPATH\Boot.php(363): CodeIgniter\CodeIgniter->run()
 5 SYSTEMPATH\Boot.php(68): CodeIgniter\Boot::runCodeIgniter(Object(CodeIgniter\CodeIgniter))
 6 FCPATH\index.php(59): CodeIgniter\Boot::bootWeb(Object(Config\Paths))
CRITICAL - 2025-09-21 06:32:31 --> TypeError: Cannot access offset of type string on string
[Method: GET, Route: /]
in APPPATH\Controllers\Users.php on line 39.
 1 SYSTEMPATH\CodeIgniter.php(933): App\Controllers\Users->create()
 2 SYSTEMPATH\CodeIgniter.php(507): CodeIgniter\CodeIgniter->runController(Object(App\Controllers\Users))
 3 SYSTEMPATH\CodeIgniter.php(354): CodeIgniter\CodeIgniter->handleRequest(null, Object(Config\Cache), false)
 4 SYSTEMPATH\Boot.php(363): CodeIgniter\CodeIgniter->run()
 5 SYSTEMPATH\Boot.php(68): CodeIgniter\Boot::runCodeIgniter(Object(CodeIgniter\CodeIgniter))
 6 FCPATH\index.php(59): CodeIgniter\Boot::bootWeb(Object(Config\Paths))
CRITICAL - 2025-09-21 06:32:33 --> TypeError: Cannot access offset of type string on string
[Method: GET, Route: /]
in APPPATH\Controllers\Users.php on line 39.
 1 SYSTEMPATH\CodeIgniter.php(933): App\Controllers\Users->create()
 2 SYSTEMPATH\CodeIgniter.php(507): CodeIgniter\CodeIgniter->runController(Object(App\Controllers\Users))
 3 SYSTEMPATH\CodeIgniter.php(354): CodeIgniter\CodeIgniter->handleRequest(null, Object(Config\Cache), false)
 4 SYSTEMPATH\Boot.php(363): CodeIgniter\CodeIgniter->run()
 5 SYSTEMPATH\Boot.php(68): CodeIgniter\Boot::runCodeIgniter(Object(CodeIgniter\CodeIgniter))
 6 FCPATH\index.php(59): CodeIgniter\Boot::bootWeb(Object(Config\Paths))
CRITICAL - 2025-09-21 06:32:36 --> TypeError: Cannot access offset of type string on string
[Method: GET, Route: /]
in APPPATH\Controllers\Users.php on line 39.
 1 SYSTEMPATH\CodeIgniter.php(933): App\Controllers\Users->create()
 2 SYSTEMPATH\CodeIgniter.php(507): CodeIgniter\CodeIgniter->runController(Object(App\Controllers\Users))
 3 SYSTEMPATH\CodeIgniter.php(354): CodeIgniter\CodeIgniter->handleRequest(null, Object(Config\Cache), false)
 4 SYSTEMPATH\Boot.php(363): CodeIgniter\CodeIgniter->run()
 5 SYSTEMPATH\Boot.php(68): CodeIgniter\Boot::runCodeIgniter(Object(CodeIgniter\CodeIgniter))
 6 FCPATH\index.php(59): CodeIgniter\Boot::bootWeb(Object(Config\Paths))
CRITICAL - 2025-09-21 06:32:58 --> TypeError: Cannot access offset of type string on string
[Method: GET, Route: /]
in APPPATH\Controllers\Users.php on line 39.
 1 SYSTEMPATH\CodeIgniter.php(933): App\Controllers\Users->create()
 2 SYSTEMPATH\CodeIgniter.php(507): CodeIgniter\CodeIgniter->runController(Object(App\Controllers\Users))
 3 SYSTEMPATH\CodeIgniter.php(354): CodeIgniter\CodeIgniter->handleRequest(null, Object(Config\Cache), false)
 4 SYSTEMPATH\Boot.php(363): CodeIgniter\CodeIgniter->run()
 5 SYSTEMPATH\Boot.php(68): CodeIgniter\Boot::runCodeIgniter(Object(CodeIgniter\CodeIgniter))
 6 FCPATH\index.php(59): CodeIgniter\Boot::bootWeb(Object(Config\Paths))
CRITICAL - 2025-09-21 06:33:00 --> TypeError: Cannot access offset of type string on string
[Method: GET, Route: /]
in APPPATH\Controllers\Users.php on line 39.
 1 SYSTEMPATH\CodeIgniter.php(933): App\Controllers\Users->create()
 2 SYSTEMPATH\CodeIgniter.php(507): CodeIgniter\CodeIgniter->runController(Object(App\Controllers\Users))
 3 SYSTEMPATH\CodeIgniter.php(354): CodeIgniter\CodeIgniter->handleRequest(null, Object(Config\Cache), false)
 4 SYSTEMPATH\Boot.php(363): CodeIgniter\CodeIgniter->run()
 5 SYSTEMPATH\Boot.php(68): CodeIgniter\Boot::runCodeIgniter(Object(CodeIgniter\CodeIgniter))
 6 FCPATH\index.php(59): CodeIgniter\Boot::bootWeb(Object(Config\Paths))
CRITICAL - 2025-09-21 06:33:00 --> TypeError: Cannot access offset of type string on string
[Method: GET, Route: /]
in APPPATH\Controllers\Users.php on line 39.
 1 SYSTEMPATH\CodeIgniter.php(933): App\Controllers\Users->create()
 2 SYSTEMPATH\CodeIgniter.php(507): CodeIgniter\CodeIgniter->runController(Object(App\Controllers\Users))
 3 SYSTEMPATH\CodeIgniter.php(354): CodeIgniter\CodeIgniter->handleRequest(null, Object(Config\Cache), false)
 4 SYSTEMPATH\Boot.php(363): CodeIgniter\CodeIgniter->run()
 5 SYSTEMPATH\Boot.php(68): CodeIgniter\Boot::runCodeIgniter(Object(CodeIgniter\CodeIgniter))
 6 FCPATH\index.php(59): CodeIgniter\Boot::bootWeb(Object(Config\Paths))
CRITICAL - 2025-09-21 06:33:01 --> TypeError: Cannot access offset of type string on string
[Method: GET, Route: /]
in APPPATH\Controllers\Users.php on line 39.
 1 SYSTEMPATH\CodeIgniter.php(933): App\Controllers\Users->create()
 2 SYSTEMPATH\CodeIgniter.php(507): CodeIgniter\CodeIgniter->runController(Object(App\Controllers\Users))
 3 SYSTEMPATH\CodeIgniter.php(354): CodeIgniter\CodeIgniter->handleRequest(null, Object(Config\Cache), false)
 4 SYSTEMPATH\Boot.php(363): CodeIgniter\CodeIgniter->run()
 5 SYSTEMPATH\Boot.php(68): CodeIgniter\Boot::runCodeIgniter(Object(CodeIgniter\CodeIgniter))
 6 FCPATH\index.php(59): CodeIgniter\Boot::bootWeb(Object(Config\Paths))
CRITICAL - 2025-09-21 06:33:59 --> TypeError: Cannot access offset of type string on string
[Method: GET, Route: /]
in APPPATH\Controllers\Users.php on line 39.
 1 SYSTEMPATH\CodeIgniter.php(933): App\Controllers\Users->create()
 2 SYSTEMPATH\CodeIgniter.php(507): CodeIgniter\CodeIgniter->runController(Object(App\Controllers\Users))
 3 SYSTEMPATH\CodeIgniter.php(354): CodeIgniter\CodeIgniter->handleRequest(null, Object(Config\Cache), false)
 4 SYSTEMPATH\Boot.php(363): CodeIgniter\CodeIgniter->run()
 5 SYSTEMPATH\Boot.php(68): CodeIgniter\Boot::runCodeIgniter(Object(CodeIgniter\CodeIgniter))
 6 FCPATH\index.php(59): CodeIgniter\Boot::bootWeb(Object(Config\Paths))
CRITICAL - 2025-09-21 06:48:21 --> TypeError: Cannot access offset of type string on string
[Method: GET, Route: /]
in APPPATH\Controllers\Users.php on line 40.
 1 SYSTEMPATH\CodeIgniter.php(933): App\Controllers\Users->create()
 2 SYSTEMPATH\CodeIgniter.php(507): CodeIgniter\CodeIgniter->runController(Object(App\Controllers\Users))
 3 SYSTEMPATH\CodeIgniter.php(354): CodeIgniter\CodeIgniter->handleRequest(null, Object(Config\Cache), false)
 4 SYSTEMPATH\Boot.php(363): CodeIgniter\CodeIgniter->run()
 5 SYSTEMPATH\Boot.php(68): CodeIgniter\Boot::runCodeIgniter(Object(CodeIgniter\CodeIgniter))
 6 FCPATH\index.php(59): CodeIgniter\Boot::bootWeb(Object(Config\Paths))
CRITICAL - 2025-09-21 06:49:05 --> TypeError: Cannot access offset of type string on string
[Method: GET, Route: /]
in APPPATH\Controllers\Users.php on line 40.
 1 SYSTEMPATH\CodeIgniter.php(933): App\Controllers\Users->create()
 2 SYSTEMPATH\CodeIgniter.php(507): CodeIgniter\CodeIgniter->runController(Object(App\Controllers\Users))
 3 SYSTEMPATH\CodeIgniter.php(354): CodeIgniter\CodeIgniter->handleRequest(null, Object(Config\Cache), false)
 4 SYSTEMPATH\Boot.php(363): CodeIgniter\CodeIgniter->run()
 5 SYSTEMPATH\Boot.php(68): CodeIgniter\Boot::runCodeIgniter(Object(CodeIgniter\CodeIgniter))
 6 FCPATH\index.php(59): CodeIgniter\Boot::bootWeb(Object(Config\Paths))
CRITICAL - 2025-09-21 06:49:12 --> TypeError: Cannot access offset of type string on string
[Method: GET, Route: /]
in APPPATH\Controllers\Users.php on line 40.
 1 SYSTEMPATH\CodeIgniter.php(933): App\Controllers\Users->create()
 2 SYSTEMPATH\CodeIgniter.php(507): CodeIgniter\CodeIgniter->runController(Object(App\Controllers\Users))
 3 SYSTEMPATH\CodeIgniter.php(354): CodeIgniter\CodeIgniter->handleRequest(null, Object(Config\Cache), false)
 4 SYSTEMPATH\Boot.php(363): CodeIgniter\CodeIgniter->run()
 5 SYSTEMPATH\Boot.php(68): CodeIgniter\Boot::runCodeIgniter(Object(CodeIgniter\CodeIgniter))
 6 FCPATH\index.php(59): CodeIgniter\Boot::bootWeb(Object(Config\Paths))
CRITICAL - 2025-09-21 06:49:14 --> TypeError: Cannot access offset of type string on string
[Method: GET, Route: /]
in APPPATH\Controllers\Users.php on line 40.
 1 SYSTEMPATH\CodeIgniter.php(933): App\Controllers\Users->create()
 2 SYSTEMPATH\CodeIgniter.php(507): CodeIgniter\CodeIgniter->runController(Object(App\Controllers\Users))
 3 SYSTEMPATH\CodeIgniter.php(354): CodeIgniter\CodeIgniter->handleRequest(null, Object(Config\Cache), false)
 4 SYSTEMPATH\Boot.php(363): CodeIgniter\CodeIgniter->run()
 5 SYSTEMPATH\Boot.php(68): CodeIgniter\Boot::runCodeIgniter(Object(CodeIgniter\CodeIgniter))
 6 FCPATH\index.php(59): CodeIgniter\Boot::bootWeb(Object(Config\Paths))
CRITICAL - 2025-09-21 06:49:38 --> TypeError: Cannot access offset of type string on string
[Method: GET, Route: /]
in APPPATH\Controllers\Users.php on line 39.
 1 SYSTEMPATH\CodeIgniter.php(933): App\Controllers\Users->create()
 2 SYSTEMPATH\CodeIgniter.php(507): CodeIgniter\CodeIgniter->runController(Object(App\Controllers\Users))
 3 SYSTEMPATH\CodeIgniter.php(354): CodeIgniter\CodeIgniter->handleRequest(null, Object(Config\Cache), false)
 4 SYSTEMPATH\Boot.php(363): CodeIgniter\CodeIgniter->run()
 5 SYSTEMPATH\Boot.php(68): CodeIgniter\Boot::runCodeIgniter(Object(CodeIgniter\CodeIgniter))
 6 FCPATH\index.php(59): CodeIgniter\Boot::bootWeb(Object(Config\Paths))
CRITICAL - 2025-09-21 06:51:06 --> TypeError: Cannot access offset of type string on string
[Method: GET, Route: /]
in APPPATH\Controllers\Users.php on line 39.
 1 SYSTEMPATH\CodeIgniter.php(933): App\Controllers\Users->create()
 2 SYSTEMPATH\CodeIgniter.php(507): CodeIgniter\CodeIgniter->runController(Object(App\Controllers\Users))
 3 SYSTEMPATH\CodeIgniter.php(354): CodeIgniter\CodeIgniter->handleRequest(null, Object(Config\Cache), false)
 4 SYSTEMPATH\Boot.php(363): CodeIgniter\CodeIgniter->run()
 5 SYSTEMPATH\Boot.php(68): CodeIgniter\Boot::runCodeIgniter(Object(CodeIgniter\CodeIgniter))
 6 FCPATH\index.php(59): CodeIgniter\Boot::bootWeb(Object(Config\Paths))
CRITICAL - 2025-09-21 06:51:08 --> TypeError: Cannot access offset of type string on string
[Method: GET, Route: /]
in APPPATH\Controllers\Users.php on line 39.
 1 SYSTEMPATH\CodeIgniter.php(933): App\Controllers\Users->create()
 2 SYSTEMPATH\CodeIgniter.php(507): CodeIgniter\CodeIgniter->runController(Object(App\Controllers\Users))
 3 SYSTEMPATH\CodeIgniter.php(354): CodeIgniter\CodeIgniter->handleRequest(null, Object(Config\Cache), false)
 4 SYSTEMPATH\Boot.php(363): CodeIgniter\CodeIgniter->run()
 5 SYSTEMPATH\Boot.php(68): CodeIgniter\Boot::runCodeIgniter(Object(CodeIgniter\CodeIgniter))
 6 FCPATH\index.php(59): CodeIgniter\Boot::bootWeb(Object(Config\Paths))
CRITICAL - 2025-09-21 06:51:09 --> TypeError: Cannot access offset of type string on string
[Method: GET, Route: /]
in APPPATH\Controllers\Users.php on line 39.
 1 SYSTEMPATH\CodeIgniter.php(933): App\Controllers\Users->create()
 2 SYSTEMPATH\CodeIgniter.php(507): CodeIgniter\CodeIgniter->runController(Object(App\Controllers\Users))
 3 SYSTEMPATH\CodeIgniter.php(354): CodeIgniter\CodeIgniter->handleRequest(null, Object(Config\Cache), false)
 4 SYSTEMPATH\Boot.php(363): CodeIgniter\CodeIgniter->run()
 5 SYSTEMPATH\Boot.php(68): CodeIgniter\Boot::runCodeIgniter(Object(CodeIgniter\CodeIgniter))
 6 FCPATH\index.php(59): CodeIgniter\Boot::bootWeb(Object(Config\Paths))
